<?xml version="1.0" encoding="UTF-8"?>
<testng-results ignored="0" total="1" passed="1" failed="0" skipped="0">
  <reporter-output>
    <line>
      <![CDATA[Login successful]]>
    </line>
  </reporter-output>
  <suite started-at="2024-11-19T16:00:14 IST" name="Command line suite" finished-at="2024-11-19T16:01:13 IST" duration-ms="58930">
    <groups>
    </groups>
    <test started-at="2024-11-19T16:00:14 IST" name="Command line test" finished-at="2024-11-19T16:01:13 IST" duration-ms="58930">
      <class name="com.swag.LogIn">
        <test-method is-config="true" signature="setUp()[pri:0, instance:com.swag.LogIn@50eac852]" started-at="2024-11-19T16:00:14 IST" name="setUp" finished-at="2024-11-19T16:00:59 IST" duration-ms="44390" status="PASS">
          <reporter-output>
          </reporter-output>
        </test-method> <!-- setUp -->
        <test-method signature="testLogin()[pri:0, instance:com.swag.LogIn@50eac852]" started-at="2024-11-19T16:00:59 IST" name="testLogin" finished-at="2024-11-19T16:01:10 IST" duration-ms="11177" status="PASS">
          <reporter-output>
            <line>
              <![CDATA[Login successful]]>
            </line>
          </reporter-output>
        </test-method> <!-- testLogin -->
        <test-method is-config="true" signature="tearDown()[pri:0, instance:com.swag.LogIn@50eac852]" started-at="2024-11-19T16:01:10 IST" name="tearDown" finished-at="2024-11-19T16:01:13 IST" duration-ms="2968" status="PASS">
          <reporter-output>
          </reporter-output>
        </test-method> <!-- tearDown -->
      </class> <!-- com.swag.LogIn -->
    </test> <!-- Command line test -->
  </suite> <!-- Command line suite -->
</testng-results>
